TN:
SF:/Users/tania/Work/challenge-films/src/constants.js
FNF:0
FNH:0
DA:1,1
LF:1
LH:1
BRF:0
BRH:0
end_of_record
TN:
SF:/Users/tania/Work/challenge-films/src/components/app-shell.js
FN:13,(anonymous_0)
FN:25,(anonymous_1)
FN:54,(anonymous_2)
FN:64,(anonymous_3)
FN:88,(anonymous_4)
FN:92,(anonymous_5)
FN:108,(anonymous_6)
FN:118,(anonymous_7)
FN:119,(anonymous_8)
FN:120,(anonymous_9)
FN:137,(anonymous_10)
FN:141,(anonymous_11)
FN:150,(anonymous_12)
FNF:13
FNH:10
FNDA:1,(anonymous_0)
FNDA:1,(anonymous_1)
FNDA:8,(anonymous_2)
FNDA:15,(anonymous_3)
FNDA:1,(anonymous_4)
FNDA:3,(anonymous_5)
FNDA:1,(anonymous_6)
FNDA:0,(anonymous_7)
FNDA:0,(anonymous_8)
FNDA:0,(anonymous_9)
FNDA:1,(anonymous_10)
FNDA:1,(anonymous_11)
FNDA:1,(anonymous_12)
DA:14,1
DA:26,1
DA:55,8
DA:56,8
DA:57,8
DA:58,8
DA:59,8
DA:60,8
DA:61,8
DA:65,15
DA:89,1
DA:93,3
DA:94,3
DA:98,3
DA:99,1
DA:101,2
DA:102,2
DA:103,2
DA:110,1
DA:111,1
DA:112,1
DA:118,0
DA:119,0
DA:121,0
DA:122,0
DA:124,0
DA:127,0
DA:128,0
DA:130,0
DA:132,0
DA:133,0
DA:138,1
DA:143,1
DA:144,1
DA:145,1
DA:146,1
DA:147,1
DA:152,1
DA:153,1
DA:154,1
DA:158,1
LF:41
LH:31
BRDA:56,0,0,8
BRDA:56,0,1,8
BRDA:71,1,0,0
BRDA:71,1,1,15
BRDA:71,2,0,15
BRDA:71,2,1,15
BRDA:74,3,0,1
BRDA:74,3,1,14
BRDA:74,4,0,15
BRDA:74,4,1,12
BRDA:76,5,0,1
BRDA:76,5,1,13
BRDA:77,6,0,1
BRDA:77,6,1,13
BRDA:80,7,0,1
BRDA:80,7,1,14
BRDA:92,8,0,1
BRDA:98,9,0,1
BRDA:98,9,1,2
BRDA:98,10,0,3
BRDA:98,10,1,3
BRDA:121,11,0,0
BRDA:121,11,1,0
BRF:23
BRH:20
end_of_record
TN:
SF:/Users/tania/Work/challenge-films/src/components/button-favourite.js
FN:7,(anonymous_0)
FN:25,(anonymous_1)
FN:29,(anonymous_2)
FN:39,(anonymous_3)
FNF:4
FNH:4
FNDA:1,(anonymous_0)
FNDA:14,(anonymous_1)
FNDA:12,(anonymous_2)
FNDA:2,(anonymous_3)
DA:8,1
DA:26,14
DA:30,12
DA:40,2
DA:44,1
LF:5
LH:5
BRF:0
BRH:0
end_of_record
TN:
SF:/Users/tania/Work/challenge-films/src/components/detail-item.js
FN:8,(anonymous_0)
FN:16,(anonymous_1)
FN:45,(anonymous_2)
FN:52,(anonymous_3)
FN:58,(anonymous_4)
FN:73,(anonymous_5)
FN:74,(anonymous_6)
FN:75,(anonymous_7)
FN:86,(anonymous_8)
FNF:9
FNH:6
FNDA:1,(anonymous_0)
FNDA:1,(anonymous_1)
FNDA:5,(anonymous_2)
FNDA:5,(anonymous_3)
FNDA:2,(anonymous_4)
FNDA:0,(anonymous_5)
FNDA:0,(anonymous_6)
FNDA:0,(anonymous_7)
FNDA:5,(anonymous_8)
DA:9,1
DA:17,1
DA:46,5
DA:47,5
DA:48,5
DA:49,5
DA:53,5
DA:54,2
DA:59,2
DA:60,2
DA:62,2
DA:63,2
DA:64,2
DA:65,0
DA:67,2
DA:73,0
DA:74,0
DA:76,0
DA:77,0
DA:78,0
DA:81,0
DA:82,0
DA:87,5
DA:88,3
DA:99,1
LF:25
LH:17
BRDA:47,0,0,5
BRDA:47,0,1,5
BRDA:48,1,0,5
BRDA:48,1,1,5
BRDA:49,2,0,5
BRDA:49,2,1,5
BRDA:53,3,0,2
BRDA:53,3,1,3
BRDA:53,4,0,5
BRDA:53,4,1,5
BRDA:53,4,2,2
BRDA:60,5,0,2
BRDA:60,5,1,0
BRDA:64,6,0,0
BRDA:64,6,1,2
BRDA:77,7,0,0
BRDA:77,7,1,0
BRDA:87,8,0,2
BRDA:87,8,1,3
BRF:19
BRH:15
end_of_record
TN:
SF:/Users/tania/Work/challenge-films/src/components/fa-icon.js
FN:6,(anonymous_0)
FN:12,(anonymous_1)
FN:21,(anonymous_2)
FN:29,(anonymous_3)
FNF:4
FNH:4
FNDA:1,(anonymous_0)
FNDA:1,(anonymous_1)
FNDA:32,(anonymous_2)
FNDA:23,(anonymous_3)
DA:7,1
DA:13,1
DA:22,32
DA:23,32
DA:24,32
DA:25,32
DA:26,32
DA:27,32
DA:30,23
DA:33,1
LF:10
LH:10
BRF:0
BRH:0
end_of_record
TN:
SF:/Users/tania/Work/challenge-films/src/components/fa-styles.js
FNF:0
FNH:0
DA:3,1
LF:1
LH:1
BRF:0
BRH:0
end_of_record
TN:
SF:/Users/tania/Work/challenge-films/src/components/form-favourite.js
FN:5,(anonymous_0)
FN:11,(anonymous_1)
FN:132,(anonymous_2)
FN:138,(anonymous_3)
FN:142,(anonymous_4)
FN:146,(anonymous_5)
FN:158,(anonymous_6)
FN:161,(anonymous_7)
FN:166,(anonymous_8)
FN:175,(anonymous_9)
FN:180,(anonymous_10)
FN:185,(anonymous_11)
FN:215,(anonymous_12)
FN:232,(anonymous_13)
FN:236,(anonymous_14)
FN:239,(anonymous_15)
FN:245,(anonymous_16)
FN:248,(anonymous_17)
FNF:18
FNH:11
FNDA:1,(anonymous_0)
FNDA:1,(anonymous_1)
FNDA:5,(anonymous_2)
FNDA:5,(anonymous_3)
FNDA:0,(anonymous_4)
FNDA:0,(anonymous_5)
FNDA:10,(anonymous_6)
FNDA:0,(anonymous_7)
FNDA:0,(anonymous_8)
FNDA:0,(anonymous_9)
FNDA:0,(anonymous_10)
FNDA:6,(anonymous_11)
FNDA:1,(anonymous_12)
FNDA:1,(anonymous_13)
FNDA:1,(anonymous_14)
FNDA:0,(anonymous_15)
FNDA:6,(anonymous_16)
FNDA:1,(anonymous_17)
DA:6,1
DA:12,1
DA:133,5
DA:134,5
DA:135,5
DA:139,5
DA:143,0
DA:144,0
DA:145,0
DA:146,0
DA:147,0
DA:148,0
DA:149,0
DA:150,0
DA:153,0
DA:159,10
DA:160,10
DA:161,5
DA:162,0
DA:163,0
DA:164,0
DA:166,5
DA:167,0
DA:168,0
DA:169,0
DA:170,0
DA:176,0
DA:177,0
DA:181,0
DA:186,6
DA:216,1
DA:217,1
DA:218,1
DA:219,1
DA:228,1
DA:229,1
DA:233,1
DA:237,1
DA:238,1
DA:239,1
DA:240,1
DA:242,1
DA:246,6
DA:247,1
DA:248,1
DA:256,1
LF:46
LH:27
BRDA:134,0,0,5
BRDA:134,0,1,5
BRDA:144,1,0,0
BRDA:144,1,1,0
BRDA:160,2,0,5
BRDA:160,2,1,5
BRDA:218,3,0,0
BRDA:218,3,1,1
BRDA:239,4,0,1
BRDA:239,4,1,0
BRDA:239,5,0,1
BRDA:239,5,1,1
BRDA:246,6,0,1
BRDA:246,6,1,5
BRDA:246,7,0,6
BRDA:246,7,1,6
BRF:16
BRH:12
end_of_record
TN:
SF:/Users/tania/Work/challenge-films/src/components/item-film.js
FN:10,(anonymous_0)
FN:20,(anonymous_1)
FN:28,(anonymous_2)
FN:34,(anonymous_3)
FN:44,(anonymous_4)
FN:52,(anonymous_5)
FN:56,(anonymous_6)
FN:62,(anonymous_7)
FN:68,(anonymous_8)
FN:91,(anonymous_9)
FN:101,(anonymous_10)
FN:107,(anonymous_11)
FNF:12
FNH:12
FNDA:1,(anonymous_0)
FNDA:1,(anonymous_1)
FNDA:24,(anonymous_2)
FNDA:9,(anonymous_3)
FNDA:1,(anonymous_4)
FNDA:9,(anonymous_5)
FNDA:21,(anonymous_6)
FNDA:9,(anonymous_7)
FNDA:11,(anonymous_8)
FNDA:17,(anonymous_9)
FNDA:17,(anonymous_10)
FNDA:1,(anonymous_11)
DA:11,1
DA:21,1
DA:29,24
DA:30,24
DA:31,24
DA:35,9
DA:36,7
DA:37,0
DA:39,7
DA:41,2
DA:45,1
DA:46,1
DA:47,1
DA:48,1
DA:49,1
DA:53,9
DA:54,7
DA:56,21
DA:59,2
DA:63,9
DA:64,3
DA:69,11
DA:92,17
DA:93,11
DA:94,4
DA:96,7
DA:98,6
DA:102,17
DA:108,1
DA:109,1
DA:110,1
DA:111,1
DA:113,1
DA:117,1
LF:34
LH:33
BRDA:30,0,0,24
BRDA:30,0,1,24
BRDA:31,1,0,24
BRDA:31,1,1,24
BRDA:35,2,0,7
BRDA:35,2,1,2
BRDA:35,3,0,9
BRDA:35,3,1,7
BRDA:36,4,0,0
BRDA:36,4,1,7
BRDA:53,5,0,7
BRDA:53,5,1,2
BRDA:53,6,0,9
BRDA:53,6,1,7
BRDA:63,7,0,3
BRDA:63,7,1,6
BRDA:75,8,0,2
BRDA:75,8,1,7
BRDA:92,9,0,11
BRDA:92,9,1,6
BRDA:93,10,0,4
BRDA:93,10,1,7
BRDA:103,11,0,2
BRDA:103,11,1,15
BRDA:110,12,0,1
BRDA:110,12,1,0
BRF:26
BRH:24
end_of_record
TN:
SF:/Users/tania/Work/challenge-films/src/components/last-searches.js
FN:6,(anonymous_0)
FN:12,(anonymous_1)
FN:32,(anonymous_2)
FN:37,(anonymous_3)
FN:41,(anonymous_4)
FN:49,(anonymous_5)
FNF:6
FNH:6
FNDA:1,(anonymous_0)
FNDA:1,(anonymous_1)
FNDA:3,(anonymous_2)
FNDA:3,(anonymous_3)
FNDA:2,(anonymous_4)
FNDA:1,(anonymous_5)
DA:7,1
DA:13,1
DA:33,3
DA:34,3
DA:38,3
DA:42,2
DA:50,1
DA:51,1
DA:57,1
LF:9
LH:9
BRDA:34,0,0,3
BRDA:34,0,1,3
BRDA:50,1,0,1
BRDA:50,1,1,0
BRF:4
BRH:3
end_of_record
TN:
SF:/Users/tania/Work/challenge-films/src/components/list-films.js
FN:6,(anonymous_0)
FN:13,(anonymous_1)
FN:37,(anonymous_2)
FN:42,(anonymous_3)
FN:46,(anonymous_4)
FNF:5
FNH:5
FNDA:1,(anonymous_0)
FNDA:1,(anonymous_1)
FNDA:10,(anonymous_2)
FNDA:13,(anonymous_3)
FNDA:2,(anonymous_4)
DA:7,1
DA:14,1
DA:38,10
DA:39,10
DA:43,13
DA:44,2
DA:46,2
DA:51,11
DA:55,1
LF:9
LH:9
BRDA:39,0,0,10
BRDA:39,0,1,10
BRDA:43,1,0,2
BRDA:43,1,1,11
BRDA:51,2,0,1
BRDA:51,2,1,10
BRF:6
BRH:6
end_of_record
TN:
SF:/Users/tania/Work/challenge-films/src/components/seeker-films.js
FN:5,(anonymous_0)
FN:13,(anonymous_1)
FN:49,(anonymous_2)
FN:56,(anonymous_3)
FN:57,(anonymous_4)
FN:65,(anonymous_5)
FN:72,(anonymous_6)
FN:82,(anonymous_7)
FNF:8
FNH:7
FNDA:1,(anonymous_0)
FNDA:1,(anonymous_1)
FNDA:13,(anonymous_2)
FNDA:15,(anonymous_3)
FNDA:37,(anonymous_4)
FNDA:1,(anonymous_5)
FNDA:15,(anonymous_6)
FNDA:0,(anonymous_7)
DA:6,1
DA:14,1
DA:50,13
DA:51,13
DA:52,13
DA:53,13
DA:57,15
DA:58,37
DA:59,5
DA:60,5
DA:66,1
DA:67,1
DA:68,1
DA:73,15
DA:83,0
DA:84,0
DA:89,1
LF:17
LH:15
BRDA:51,0,0,13
BRDA:51,0,1,13
BRDA:52,1,0,13
BRDA:52,1,1,13
BRDA:53,2,0,13
BRDA:53,2,1,13
BRDA:58,3,0,5
BRDA:58,3,1,32
BRDA:58,4,0,37
BRDA:58,4,1,15
BRDA:58,4,2,13
BRDA:67,5,0,1
BRDA:67,5,1,0
BRDA:83,6,0,0
BRDA:83,6,1,0
BRF:15
BRH:12
end_of_record
TN:
SF:/Users/tania/Work/challenge-films/src/components/spin-loaded.js
FN:4,(anonymous_0)
FN:81,(anonymous_1)
FNF:2
FNH:2
FNDA:1,(anonymous_0)
FNDA:4,(anonymous_1)
DA:5,1
DA:82,4
DA:100,1
LF:3
LH:3
BRF:0
BRH:0
end_of_record
TN:
SF:/Users/tania/Work/challenge-films/src/components/styles/item-film/detail-css.js
FNF:0
FNH:0
DA:3,1
LF:1
LH:1
BRF:0
BRH:0
end_of_record
TN:
SF:/Users/tania/Work/challenge-films/src/components/styles/item-film/item-film-css.js
FNF:0
FNH:0
DA:3,1
LF:1
LH:1
BRF:0
BRH:0
end_of_record
TN:
SF:/Users/tania/Work/challenge-films/src/components/styles/item-film/searches-css.js
FNF:0
FNH:0
DA:3,1
LF:1
LH:1
BRF:0
BRH:0
end_of_record
TN:
SF:/Users/tania/Work/challenge-films/src/libs/functions.js
FN:1,(anonymous_0)
FN:9,(anonymous_1)
FN:11,(anonymous_2)
FN:14,(anonymous_3)
FN:15,(anonymous_4)
FN:31,(anonymous_5)
FN:33,(anonymous_6)
FN:44,(anonymous_7)
FN:46,(anonymous_8)
FN:55,(anonymous_9)
FN:58,(anonymous_10)
FN:63,(anonymous_11)
FN:66,(anonymous_12)
FN:71,(anonymous_13)
FN:73,(anonymous_14)
FN:77,(anonymous_15)
FN:79,(anonymous_16)
FN:85,(anonymous_17)
FN:86,(anonymous_18)
FN:87,(anonymous_19)
FN:92,(anonymous_20)
FN:94,(anonymous_21)
FN:95,(anonymous_22)
FN:98,(anonymous_23)
FN:101,(anonymous_24)
FN:106,(anonymous_25)
FN:117,(anonymous_26)
FNF:27
FNH:20
FNDA:30,(anonymous_0)
FNDA:5,(anonymous_1)
FNDA:2,(anonymous_2)
FNDA:2,(anonymous_3)
FNDA:2,(anonymous_4)
FNDA:2,(anonymous_5)
FNDA:0,(anonymous_6)
FNDA:1,(anonymous_7)
FNDA:0,(anonymous_8)
FNDA:4,(anonymous_9)
FNDA:1,(anonymous_10)
FNDA:8,(anonymous_11)
FNDA:1,(anonymous_12)
FNDA:2,(anonymous_13)
FNDA:2,(anonymous_14)
FNDA:0,(anonymous_15)
FNDA:0,(anonymous_16)
FNDA:1,(anonymous_17)
FNDA:4,(anonymous_18)
FNDA:3,(anonymous_19)
FNDA:1,(anonymous_20)
FNDA:1,(anonymous_21)
FNDA:1,(anonymous_22)
FNDA:1,(anonymous_23)
FNDA:0,(anonymous_24)
FNDA:0,(anonymous_25)
FNDA:0,(anonymous_26)
DA:1,1
DA:2,30
DA:3,30
DA:4,7
DA:6,23
DA:9,5
DA:11,1
DA:12,2
DA:13,2
DA:14,1
DA:15,2
DA:16,2
DA:17,1
DA:19,1
DA:26,1
DA:28,2
DA:31,1
DA:32,2
DA:33,2
DA:34,2
DA:35,2
DA:40,2
DA:44,1
DA:45,1
DA:46,1
DA:47,1
DA:48,1
DA:51,1
DA:52,1
DA:55,1
DA:56,4
DA:57,4
DA:58,1
DA:60,3
DA:63,1
DA:64,8
DA:65,8
DA:66,1
DA:68,7
DA:71,1
DA:72,2
DA:73,2
DA:77,1
DA:78,0
DA:79,0
DA:80,0
DA:81,0
DA:85,1
DA:86,4
DA:87,3
DA:92,1
DA:93,1
DA:94,1
DA:95,1
DA:97,1
DA:98,1
DA:99,1
DA:101,0
DA:103,0
DA:104,0
DA:105,0
DA:107,0
DA:114,0
DA:117,0
DA:118,0
LF:65
LH:53
BRDA:3,0,0,7
BRDA:3,0,1,23
BRDA:13,1,0,1
BRDA:13,1,1,1
BRDA:16,2,0,1
BRDA:16,2,1,1
BRDA:34,3,0,2
BRDA:34,3,1,0
BRDA:34,4,0,2
BRDA:34,4,1,2
BRDA:47,5,0,1
BRDA:47,5,1,0
BRDA:47,6,0,1
BRDA:47,6,1,1
BRDA:57,7,0,1
BRDA:57,7,1,3
BRDA:65,8,0,1
BRDA:65,8,1,7
BRDA:86,9,0,4
BRDA:86,9,1,2
BRDA:89,10,0,3
BRDA:89,10,1,1
BRDA:97,11,0,1
BRDA:97,11,1,0
BRDA:97,11,2,0
BRDA:99,12,0,1
BRDA:99,12,1,0
BRDA:104,13,0,0
BRDA:104,13,1,0
BRDA:107,14,0,0
BRDA:107,14,1,0
BRDA:109,15,0,0
BRDA:109,15,1,0
BRF:33
BRH:22
end_of_record
